# JRE version: OpenJDK Runtime Environment (8.0_242-b01) (build 1.8.0_242-release-1644-b01)
# Java VM: OpenJDK 64-Bit Server VM (25.242-b01 mixed mode windows-amd64 compressed oops)
Heap:
 PSYoungGen      total 379904K, used 114355K [0x00000000d5580000, 0x00000000ee480000, 0x0000000100000000)
  eden space 360448K, 26% used [0x00000000d5580000,0x00000000db234b48,0x00000000eb580000)
  from space 19456K, 99% used [0x00000000ece00000,0x00000000ee0f83b8,0x00000000ee100000)
  to   space 24064K, 0% used [0x00000000eb580000,0x00000000eb580000,0x00000000ecd00000)
 ParOldGen       total 124416K, used 45116K [0x0000000080000000, 0x0000000087980000, 0x00000000d5580000)
  object space 124416K, 36% used [0x0000000080000000,0x0000000082c0f000,0x0000000087980000)
 Metaspace       used 80096K, capacity 84204K, committed 84440K, reserved 1122304K
  class space    used 10737K, capacity 11503K, committed 11520K, reserved 1048576K
GC Heap History (10 events):
Event: 3.686 GC heap before
{Heap before GC invocations=9 (full 2):
 PSYoungGen      total 240640K, used 227840K [0x00000000d5580000, 0x00000000e5000000, 0x0000000100000000)
  eden space 227840K, 100% used [0x00000000d5580000,0x00000000e3400000,0x00000000e3400000)
  from space 12800K, 0% used [0x00000000e4380000,0x00000000e4380000,0x00000000e5000000)
  to   space 14336K, 0% used [0x00000000e3400000,0x00000000e3400000,0x00000000e4200000)
 ParOldGen       total 124416K, used 14314K [0x0000000080000000, 0x0000000087980000, 0x00000000d5580000)
  object space 124416K, 11% used [0x0000000080000000,0x0000000080dfa818,0x0000000087980000)
 Metaspace       used 47310K, capacity 49382K, committed 49624K, reserved 1091584K
  class space    used 6409K, capacity 6851K, committed 6912K, reserved 1048576K
Event: 3.700 GC heap after
Heap after GC invocations=9 (full 2):
 PSYoungGen      total 242176K, used 14323K [0x00000000d5580000, 0x00000000ee100000, 0x0000000100000000)
  eden space 227840K, 0% used [0x00000000d5580000,0x00000000d5580000,0x00000000e3400000)
  from space 14336K, 99% used [0x00000000e3400000,0x00000000e41fcdc8,0x00000000e4200000)
  to   space 19456K, 0% used [0x00000000ece00000,0x00000000ece00000,0x00000000ee100000)
 ParOldGen       total 124416K, used 20057K [0x0000000080000000, 0x0000000087980000, 0x00000000d5580000)
  object space 124416K, 16% used [0x0000000080000000,0x0000000081396428,0x0000000087980000)
 Metaspace       used 47310K, capacity 49382K, committed 49624K, reserved 1091584K
  class space    used 6409K, capacity 6851K, committed 6912K, reserved 1048576K
}
Event: 4.367 GC heap before
{Heap before GC invocations=10 (full 2):
 PSYoungGen      total 242176K, used 119430K [0x00000000d5580000, 0x00000000ee100000, 0x0000000100000000)
  eden space 227840K, 46% used [0x00000000d5580000,0x00000000dbc24b28,0x00000000e3400000)
  from space 14336K, 99% used [0x00000000e3400000,0x00000000e41fcdc8,0x00000000e4200000)
  to   space 19456K, 0% used [0x00000000ece00000,0x00000000ece00000,0x00000000ee100000)
 ParOldGen       total 124416K, used 20057K [0x0000000080000000, 0x0000000087980000, 0x00000000d5580000)
  object space 124416K, 16% used [0x0000000080000000,0x0000000081396428,0x0000000087980000)
 Metaspace       used 56396K, capacity 58734K, committed 58968K, reserved 1099776K
  class space    used 7468K, capacity 7951K, committed 8064K, reserved 1048576K
Event: 4.379 GC heap after
Heap after GC invocations=10 (full 2):
 PSYoungGen      total 379904K, used 19455K [0x00000000d5580000, 0x00000000ee480000, 0x0000000100000000)
  eden space 360448K, 0% used [0x00000000d5580000,0x00000000d5580000,0x00000000eb580000)
  from space 19456K, 99% used [0x00000000ece00000,0x00000000ee0ffd78,0x00000000ee100000)
  to   space 24064K, 0% used [0x00000000eb580000,0x00000000eb580000,0x00000000ecd00000)
 ParOldGen       total 124416K, used 23877K [0x0000000080000000, 0x0000000087980000, 0x00000000d5580000)
  object space 124416K, 19% used [0x0000000080000000,0x0000000081751448,0x0000000087980000)
 Metaspace       used 56396K, capacity 58734K, committed 58968K, reserved 1099776K
  class space    used 7468K, capacity 7951K, committed 8064K, reserved 1048576K
}
Event: 4.379 GC heap before
{Heap before GC invocations=11 (full 3):
 PSYoungGen      total 379904K, used 19455K [0x00000000d5580000, 0x00000000ee480000, 0x0000000100000000)
  eden space 360448K, 0% used [0x00000000d5580000,0x00000000d5580000,0x00000000eb580000)
  from space 19456K, 99% used [0x00000000ece00000,0x00000000ee0ffd78,0x00000000ee100000)
  to   space 24064K, 0% used [0x00000000eb580000,0x00000000eb580000,0x00000000ecd00000)
 ParOldGen       total 124416K, used 23877K [0x0000000080000000, 0x0000000087980000, 0x00000000d5580000)
  object space 124416K, 19% used [0x0000000080000000,0x0000000081751448,0x0000000087980000)
 Metaspace       used 56396K, capacity 58734K, committed 58968K, reserved 1099776K
  class space    used 7468K, capacity 7951K, committed 8064K, reserved 1048576K
Event: 4.508 GC heap after
Heap after GC invocations=11 (full 3):
 PSYoungGen      total 379904K, used 0K [0x00000000d5580000, 0x00000000ee480000, 0x0000000100000000)
  eden space 360448K, 0% used [0x00000000d5580000,0x00000000d5580000,0x00000000eb580000)
  from space 19456K, 0% used [0x00000000ece00000,0x00000000ece00000,0x00000000ee100000)
  to   space 24064K, 0% used [0x00000000eb580000,0x00000000eb580000,0x00000000ecd00000)
 ParOldGen       total 124416K, used 35602K [0x0000000080000000, 0x0000000087980000, 0x00000000d5580000)
  object space 124416K, 28% used [0x0000000080000000,0x00000000822c4828,0x0000000087980000)
 Metaspace       used 56338K, capacity 58544K, committed 58968K, reserved 1099776K
  class space    used 7451K, capacity 7926K, committed 8064K, reserved 1048576K
}
Event: 21.675 GC heap before
{Heap before GC invocations=12 (full 3):
 PSYoungGen      total 379904K, used 360448K [0x00000000d5580000, 0x00000000ee480000, 0x0000000100000000)
  eden space 360448K, 100% used [0x00000000d5580000,0x00000000eb580000,0x00000000eb580000)
  from space 19456K, 0% used [0x00000000ece00000,0x00000000ece00000,0x00000000ee100000)
  to   space 24064K, 0% used [0x00000000eb580000,0x00000000eb580000,0x00000000ecd00000)
 ParOldGen       total 124416K, used 35602K [0x0000000080000000, 0x0000000087980000, 0x00000000d5580000)
  object space 124416K, 28% used [0x0000000080000000,0x00000000822c4828,0x0000000087980000)
 Metaspace       used 68988K, capacity 71836K, committed 72024K, reserved 1112064K
  class space    used 9248K, capacity 9828K, committed 9856K, reserved 1048576K
Event: 21.689 GC heap after
Heap after GC invocations=12 (full 3):
 PSYoungGen      total 384512K, used 17343K [0x00000000d5580000, 0x00000000ee480000, 0x0000000100000000)
  eden space 360448K, 0% used [0x00000000d5580000,0x00000000d5580000,0x00000000eb580000)
  from space 24064K, 72% used [0x00000000eb580000,0x00000000ec66fd90,0x00000000ecd00000)
  to   space 19456K, 0% used [0x00000000ece00000,0x00000000ece00000,0x00000000ee100000)
 ParOldGen       total 124416K, used 35610K [0x0000000080000000, 0x0000000087980000, 0x00000000d5580000)
  object space 124416K, 28% used [0x0000000080000000,0x00000000822c6828,0x0000000087980000)
 Metaspace       used 68988K, capacity 71836K, committed 72024K, reserved 1112064K
  class space    used 9248K, capacity 9828K, committed 9856K, reserved 1048576K
}
Event: 30.845 GC heap before
{Heap before GC invocations=13 (full 3):
 PSYoungGen      total 384512K, used 377791K [0x00000000d5580000, 0x00000000ee480000, 0x0000000100000000)
  eden space 360448K, 100% used [0x00000000d5580000,0x00000000eb580000,0x00000000eb580000)
  from space 24064K, 72% used [0x00000000eb580000,0x00000000ec66fd90,0x00000000ecd00000)
  to   space 19456K, 0% used [0x00000000ece00000,0x00000000ece00000,0x00000000ee100000)
 ParOldGen       total 124416K, used 35610K [0x0000000080000000, 0x0000000087980000, 0x00000000d5580000)
  object space 124416K, 28% used [0x0000000080000000,0x00000000822c6828,0x0000000087980000)
 Metaspace       used 79491K, capacity 83528K, committed 83672K, reserved 1122304K
  class space    used 10679K, capacity 11433K, committed 11520K, reserved 1048576K
Event: 30.860 GC heap after
Heap after GC invocations=13 (full 3):
 PSYoungGen      total 379904K, used 19424K [0x00000000d5580000, 0x00000000ee480000, 0x0000000100000000)
  eden space 360448K, 0% used [0x00000000d5580000,0x00000000d5580000,0x00000000eb580000)
  from space 19456K, 99% used [0x00000000ece00000,0x00000000ee0f83b8,0x00000000ee100000)
  to   space 24064K, 0% used [0x00000000eb580000,0x00000000eb580000,0x00000000ecd00000)
 ParOldGen       total 124416K, used 45116K [0x0000000080000000, 0x0000000087980000, 0x00000000d5580000)
  object space 124416K, 36% used [0x0000000080000000,0x0000000082c0f000,0x0000000087980000)
 Metaspace       used 79491K, capacity 83528K, committed 83672K, reserved 1122304K
  class space    used 10679K, capacity 11433K, committed 11520K, reserved 1048576K
}

