# JRE version: OpenJDK Runtime Environment (8.0_242-b01) (build 1.8.0_242-release-1644-b01)
# Java VM: OpenJDK 64-Bit Server VM (25.242-b01 mixed mode windows-amd64 compressed oops)
Heap:
 PSYoungGen      total 424960K, used 33612K [0x00000000d5580000, 0x00000000f5400000, 0x0000000100000000)
  eden space 403456K, 8% used [0x00000000d5580000,0x00000000d7653100,0x00000000edf80000)
  from space 21504K, 0% used [0x00000000edf80000,0x00000000edf80000,0x00000000ef480000)
  to   space 24576K, 0% used [0x00000000f3c00000,0x00000000f3c00000,0x00000000f5400000)
 ParOldGen       total 204288K, used 31634K [0x0000000080000000, 0x000000008c780000, 0x00000000d5580000)
  object space 204288K, 15% used [0x0000000080000000,0x0000000081ee4998,0x000000008c780000)
 Metaspace       used 57825K, capacity 59984K, committed 60308K, reserved 1101824K
  class space    used 7383K, capacity 7804K, committed 7936K, reserved 1048576K
GC Heap History (10 events):
Event: 18.202 GC heap before
{Heap before GC invocations=12 (full 2):
 PSYoungGen      total 309248K, used 294936K [0x00000000d5580000, 0x00000000ed400000, 0x0000000100000000)
  eden space 292352K, 100% used [0x00000000d5580000,0x00000000e7300000,0x00000000e7300000)
  from space 16896K, 15% used [0x00000000e7300000,0x00000000e75861a8,0x00000000e8380000)
  to   space 16896K, 0% used [0x00000000ec380000,0x00000000ec380000,0x00000000ed400000)
 ParOldGen       total 144896K, used 20309K [0x0000000080000000, 0x0000000088d80000, 0x00000000d5580000)
  object space 144896K, 14% used [0x0000000080000000,0x00000000813d5790,0x0000000088d80000)
 Metaspace       used 49293K, capacity 51192K, committed 51328K, reserved 1093632K
  class space    used 6337K, capacity 6703K, committed 6784K, reserved 1048576K
Event: 18.212 GC heap after
Heap after GC invocations=12 (full 2):
 PSYoungGen      total 365056K, used 16882K [0x00000000d5580000, 0x00000000ed400000, 0x0000000100000000)
  eden space 348160K, 0% used [0x00000000d5580000,0x00000000d5580000,0x00000000ea980000)
  from space 16896K, 99% used [0x00000000ec380000,0x00000000ed3fc850,0x00000000ed400000)
  to   space 20480K, 0% used [0x00000000eac00000,0x00000000eac00000,0x00000000ec000000)
 ParOldGen       total 144896K, used 22837K [0x0000000080000000, 0x0000000088d80000, 0x00000000d5580000)
  object space 144896K, 15% used [0x0000000080000000,0x000000008164d608,0x0000000088d80000)
 Metaspace       used 49293K, capacity 51192K, committed 51328K, reserved 1093632K
  class space    used 6337K, capacity 6703K, committed 6784K, reserved 1048576K
}
Event: 21.254 GC heap before
{Heap before GC invocations=13 (full 2):
 PSYoungGen      total 365056K, used 365042K [0x00000000d5580000, 0x00000000ed400000, 0x0000000100000000)
  eden space 348160K, 100% used [0x00000000d5580000,0x00000000ea980000,0x00000000ea980000)
  from space 16896K, 99% used [0x00000000ec380000,0x00000000ed3fc850,0x00000000ed400000)
  to   space 20480K, 0% used [0x00000000eac00000,0x00000000eac00000,0x00000000ec000000)
 ParOldGen       total 144896K, used 22837K [0x0000000080000000, 0x0000000088d80000, 0x00000000d5580000)
  object space 144896K, 15% used [0x0000000080000000,0x000000008164d608,0x0000000088d80000)
 Metaspace       used 49731K, capacity 51798K, committed 51968K, reserved 1093632K
  class space    used 6378K, capacity 6796K, committed 6912K, reserved 1048576K
Event: 21.260 GC heap after
Heap after GC invocations=13 (full 2):
 PSYoungGen      total 371200K, used 12708K [0x00000000d5580000, 0x00000000f0b00000, 0x0000000100000000)
  eden space 350720K, 0% used [0x00000000d5580000,0x00000000d5580000,0x00000000eac00000)
  from space 20480K, 62% used [0x00000000eac00000,0x00000000eb869390,0x00000000ec000000)
  to   space 20992K, 0% used [0x00000000ef680000,0x00000000ef680000,0x00000000f0b00000)
 ParOldGen       total 144896K, used 22909K [0x0000000080000000, 0x0000000088d80000, 0x00000000d5580000)
  object space 144896K, 15% used [0x0000000080000000,0x000000008165f618,0x0000000088d80000)
 Metaspace       used 49731K, capacity 51798K, committed 51968K, reserved 1093632K
  class space    used 6378K, capacity 6796K, committed 6912K, reserved 1048576K
}
Event: 23.539 GC heap before
{Heap before GC invocations=14 (full 2):
 PSYoungGen      total 371200K, used 363428K [0x00000000d5580000, 0x00000000f0b00000, 0x0000000100000000)
  eden space 350720K, 100% used [0x00000000d5580000,0x00000000eac00000,0x00000000eac00000)
  from space 20480K, 62% used [0x00000000eac00000,0x00000000eb869390,0x00000000ec000000)
  to   space 20992K, 0% used [0x00000000ef680000,0x00000000ef680000,0x00000000f0b00000)
 ParOldGen       total 144896K, used 22909K [0x0000000080000000, 0x0000000088d80000, 0x00000000d5580000)
  object space 144896K, 15% used [0x0000000080000000,0x000000008165f618,0x0000000088d80000)
 Metaspace       used 49829K, capacity 51866K, committed 52224K, reserved 1095680K
  class space    used 6378K, capacity 6796K, committed 6912K, reserved 1048576K
Event: 23.545 GC heap after
Heap after GC invocations=14 (full 2):
 PSYoungGen      total 422912K, used 12806K [0x00000000d5580000, 0x00000000f0980000, 0x0000000100000000)
  eden space 403456K, 0% used [0x00000000d5580000,0x00000000d5580000,0x00000000edf80000)
  from space 19456K, 65% used [0x00000000ef680000,0x00000000f0301a38,0x00000000f0980000)
  to   space 21504K, 0% used [0x00000000edf80000,0x00000000edf80000,0x00000000ef480000)
 ParOldGen       total 144896K, used 22917K [0x0000000080000000, 0x0000000088d80000, 0x00000000d5580000)
  object space 144896K, 15% used [0x0000000080000000,0x0000000081661618,0x0000000088d80000)
 Metaspace       used 49829K, capacity 51866K, committed 52224K, reserved 1095680K
  class space    used 6378K, capacity 6796K, committed 6912K, reserved 1048576K
}
Event: 24.774 GC heap before
{Heap before GC invocations=15 (full 2):
 PSYoungGen      total 422912K, used 272893K [0x00000000d5580000, 0x00000000f0980000, 0x0000000100000000)
  eden space 403456K, 64% used [0x00000000d5580000,0x00000000e537db10,0x00000000edf80000)
  from space 19456K, 65% used [0x00000000ef680000,0x00000000f0301a38,0x00000000f0980000)
  to   space 21504K, 0% used [0x00000000edf80000,0x00000000edf80000,0x00000000ef480000)
 ParOldGen       total 144896K, used 22917K [0x0000000080000000, 0x0000000088d80000, 0x00000000d5580000)
  object space 144896K, 15% used [0x0000000080000000,0x0000000081661618,0x0000000088d80000)
 Metaspace       used 56641K, capacity 58900K, committed 59028K, reserved 1101824K
  class space    used 7210K, capacity 7649K, committed 7680K, reserved 1048576K
Event: 24.785 GC heap after
Heap after GC invocations=15 (full 2):
 PSYoungGen      total 424960K, used 20349K [0x00000000d5580000, 0x00000000f5400000, 0x0000000100000000)
  eden space 403456K, 0% used [0x00000000d5580000,0x00000000d5580000,0x00000000edf80000)
  from space 21504K, 94% used [0x00000000edf80000,0x00000000ef35f4a0,0x00000000ef480000)
  to   space 24576K, 0% used [0x00000000f3c00000,0x00000000f3c00000,0x00000000f5400000)
 ParOldGen       total 144896K, used 22925K [0x0000000080000000, 0x0000000088d80000, 0x00000000d5580000)
  object space 144896K, 15% used [0x0000000080000000,0x0000000081663618,0x0000000088d80000)
 Metaspace       used 56641K, capacity 58900K, committed 59028K, reserved 1101824K
  class space    used 7210K, capacity 7649K, committed 7680K, reserved 1048576K
}
Event: 24.785 GC heap before
{Heap before GC invocations=16 (full 3):
 PSYoungGen      total 424960K, used 20349K [0x00000000d5580000, 0x00000000f5400000, 0x0000000100000000)
  eden space 403456K, 0% used [0x00000000d5580000,0x00000000d5580000,0x00000000edf80000)
  from space 21504K, 94% used [0x00000000edf80000,0x00000000ef35f4a0,0x00000000ef480000)
  to   space 24576K, 0% used [0x00000000f3c00000,0x00000000f3c00000,0x00000000f5400000)
 ParOldGen       total 144896K, used 22925K [0x0000000080000000, 0x0000000088d80000, 0x00000000d5580000)
  object space 144896K, 15% used [0x0000000080000000,0x0000000081663618,0x0000000088d80000)
 Metaspace       used 56641K, capacity 58900K, committed 59028K, reserved 1101824K
  class space    used 7210K, capacity 7649K, committed 7680K, reserved 1048576K
Event: 24.877 GC heap after
Heap after GC invocations=16 (full 3):
 PSYoungGen      total 424960K, used 0K [0x00000000d5580000, 0x00000000f5400000, 0x0000000100000000)
  eden space 403456K, 0% used [0x00000000d5580000,0x00000000d5580000,0x00000000edf80000)
  from space 21504K, 0% used [0x00000000edf80000,0x00000000edf80000,0x00000000ef480000)
  to   space 24576K, 0% used [0x00000000f3c00000,0x00000000f3c00000,0x00000000f5400000)
 ParOldGen       total 204288K, used 31634K [0x0000000080000000, 0x000000008c780000, 0x00000000d5580000)
  object space 204288K, 15% used [0x0000000080000000,0x0000000081ee4998,0x000000008c780000)
 Metaspace       used 56525K, capacity 58676K, committed 59028K, reserved 1101824K
  class space    used 7176K, capacity 7606K, committed 7680K, reserved 1048576K
}

