# JRE version: OpenJDK Runtime Environment (8.0_242-b01) (build 1.8.0_242-release-1644-b01)
# Java VM: OpenJDK 64-Bit Server VM (25.242-b01 mixed mode windows-amd64 compressed oops)
Heap:
 PSYoungGen      total 463360K, used 162537K [0x00000000d5580000, 0x00000000f4a00000, 0x0000000100000000)
  eden space 432640K, 37% used [0x00000000d5580000,0x00000000df43a6a0,0x00000000efc00000)
  from space 30720K, 0% used [0x00000000f2500000,0x00000000f2500000,0x00000000f4300000)
  to   space 39936K, 0% used [0x00000000efc00000,0x00000000efc00000,0x00000000f2300000)
 ParOldGen       total 268288K, used 83659K [0x0000000080000000, 0x0000000090600000, 0x00000000d5580000)
  object space 268288K, 31% used [0x0000000080000000,0x00000000851b2e60,0x0000000090600000)
 Metaspace       used 95564K, capacity 100438K, committed 100532K, reserved 1136640K
  class space    used 12813K, capacity 13802K, committed 13824K, reserved 1048576K
GC Heap History (10 events):
Event: 6.565 GC heap before
{Heap before GC invocations=12 (full 3):
 PSYoungGen      total 376320K, used 357888K [0x00000000d5580000, 0x00000000ee200000, 0x0000000100000000)
  eden space 357888K, 100% used [0x00000000d5580000,0x00000000eb300000,0x00000000eb300000)
  from space 18432K, 0% used [0x00000000ecc80000,0x00000000ecc80000,0x00000000ede80000)
  to   space 24064K, 0% used [0x00000000eb300000,0x00000000eb300000,0x00000000eca80000)
 ParOldGen       total 186880K, used 36630K [0x0000000080000000, 0x000000008b680000, 0x00000000d5580000)
  object space 186880K, 19% used [0x0000000080000000,0x00000000823c5b30,0x000000008b680000)
 Metaspace       used 76945K, capacity 80654K, committed 80856K, reserved 1118208K
  class space    used 10479K, capacity 11198K, committed 11264K, reserved 1048576K
Event: 6.582 GC heap after
Heap after GC invocations=12 (full 3):
 PSYoungGen      total 381952K, used 24048K [0x00000000d5580000, 0x00000000f4300000, 0x0000000100000000)
  eden space 357888K, 0% used [0x00000000d5580000,0x00000000d5580000,0x00000000eb300000)
  from space 24064K, 99% used [0x00000000eb300000,0x00000000eca7c0d8,0x00000000eca80000)
  to   space 30720K, 0% used [0x00000000f2500000,0x00000000f2500000,0x00000000f4300000)
 ParOldGen       total 186880K, used 45052K [0x0000000080000000, 0x000000008b680000, 0x00000000d5580000)
  object space 186880K, 24% used [0x0000000080000000,0x0000000082bff078,0x000000008b680000)
 Metaspace       used 76945K, capacity 80654K, committed 80856K, reserved 1118208K
  class space    used 10479K, capacity 11198K, committed 11264K, reserved 1048576K
}
Event: 13.336 GC heap before
{Heap before GC invocations=13 (full 3):
 PSYoungGen      total 381952K, used 381936K [0x00000000d5580000, 0x00000000f4300000, 0x0000000100000000)
  eden space 357888K, 100% used [0x00000000d5580000,0x00000000eb300000,0x00000000eb300000)
  from space 24064K, 99% used [0x00000000eb300000,0x00000000eca7c0d8,0x00000000eca80000)
  to   space 30720K, 0% used [0x00000000f2500000,0x00000000f2500000,0x00000000f4300000)
 ParOldGen       total 186880K, used 45052K [0x0000000080000000, 0x000000008b680000, 0x00000000d5580000)
  object space 186880K, 24% used [0x0000000080000000,0x0000000082bff078,0x000000008b680000)
 Metaspace       used 88396K, capacity 92892K, committed 93144K, reserved 1130496K
  class space    used 11762K, capacity 12677K, committed 12800K, reserved 1048576K
Event: 13.363 GC heap after
Heap after GC invocations=13 (full 3):
 PSYoungGen      total 463360K, used 30692K [0x00000000d5580000, 0x00000000f4a00000, 0x0000000100000000)
  eden space 432640K, 0% used [0x00000000d5580000,0x00000000d5580000,0x00000000efc00000)
  from space 30720K, 99% used [0x00000000f2500000,0x00000000f42f9378,0x00000000f4300000)
  to   space 39936K, 0% used [0x00000000efc00000,0x00000000efc00000,0x00000000f2300000)
 ParOldGen       total 186880K, used 57070K [0x0000000080000000, 0x000000008b680000, 0x00000000d5580000)
  object space 186880K, 30% used [0x0000000080000000,0x00000000837bb8e8,0x000000008b680000)
 Metaspace       used 88396K, capacity 92892K, committed 93144K, reserved 1130496K
  class space    used 11762K, capacity 12677K, committed 12800K, reserved 1048576K
}
Event: 13.655 GC heap before
{Heap before GC invocations=14 (full 3):
 PSYoungGen      total 463360K, used 134991K [0x00000000d5580000, 0x00000000f4a00000, 0x0000000100000000)
  eden space 432640K, 24% used [0x00000000d5580000,0x00000000dbb5a8f8,0x00000000efc00000)
  from space 30720K, 99% used [0x00000000f2500000,0x00000000f42f9378,0x00000000f4300000)
  to   space 39936K, 0% used [0x00000000efc00000,0x00000000efc00000,0x00000000f2300000)
 ParOldGen       total 186880K, used 57070K [0x0000000080000000, 0x000000008b680000, 0x00000000d5580000)
  object space 186880K, 30% used [0x0000000080000000,0x00000000837bb8e8,0x000000008b680000)
 Metaspace       used 93123K, capacity 98074K, committed 98392K, reserved 1134592K
  class space    used 12549K, capacity 13576K, committed 13696K, reserved 1048576K
Event: 13.694 GC heap after
Heap after GC invocations=14 (full 3):
 PSYoungGen      total 472576K, used 30351K [0x00000000d5580000, 0x00000000f4a00000, 0x0000000100000000)
  eden space 432640K, 0% used [0x00000000d5580000,0x00000000d5580000,0x00000000efc00000)
  from space 39936K, 76% used [0x00000000efc00000,0x00000000f19a3d78,0x00000000f2300000)
  to   space 30720K, 0% used [0x00000000f2500000,0x00000000f2500000,0x00000000f4300000)
 ParOldGen       total 186880K, used 87452K [0x0000000080000000, 0x000000008b680000, 0x00000000d5580000)
  object space 186880K, 46% used [0x0000000080000000,0x0000000085567070,0x000000008b680000)
 Metaspace       used 93123K, capacity 98074K, committed 98392K, reserved 1134592K
  class space    used 12549K, capacity 13576K, committed 13696K, reserved 1048576K
}
Event: 13.709 GC heap before
{Heap before GC invocations=15 (full 3):
 PSYoungGen      total 472576K, used 32689K [0x00000000d5580000, 0x00000000f4a00000, 0x0000000100000000)
  eden space 432640K, 0% used [0x00000000d5580000,0x00000000d57c8760,0x00000000efc00000)
  from space 39936K, 76% used [0x00000000efc00000,0x00000000f19a3d78,0x00000000f2300000)
  to   space 30720K, 0% used [0x00000000f2500000,0x00000000f2500000,0x00000000f4300000)
 ParOldGen       total 186880K, used 87452K [0x0000000080000000, 0x000000008b680000, 0x00000000d5580000)
  object space 186880K, 46% used [0x0000000080000000,0x0000000085567070,0x000000008b680000)
 Metaspace       used 93596K, capacity 98598K, committed 98612K, reserved 1134592K
  class space    used 12657K, capacity 13684K, committed 13696K, reserved 1048576K
Event: 13.725 GC heap after
Heap after GC invocations=15 (full 3):
 PSYoungGen      total 463360K, used 628K [0x00000000d5580000, 0x00000000f4a00000, 0x0000000100000000)
  eden space 432640K, 0% used [0x00000000d5580000,0x00000000d5580000,0x00000000efc00000)
  from space 30720K, 2% used [0x00000000f2500000,0x00000000f259d0b0,0x00000000f4300000)
  to   space 39936K, 0% used [0x00000000efc00000,0x00000000efc00000,0x00000000f2300000)
 ParOldGen       total 186880K, used 114222K [0x0000000080000000, 0x000000008b680000, 0x00000000d5580000)
  object space 186880K, 61% used [0x0000000080000000,0x0000000086f8b980,0x000000008b680000)
 Metaspace       used 93596K, capacity 98598K, committed 98612K, reserved 1134592K
  class space    used 12657K, capacity 13684K, committed 13696K, reserved 1048576K
}
Event: 13.725 GC heap before
{Heap before GC invocations=16 (full 4):
 PSYoungGen      total 463360K, used 628K [0x00000000d5580000, 0x00000000f4a00000, 0x0000000100000000)
  eden space 432640K, 0% used [0x00000000d5580000,0x00000000d5580000,0x00000000efc00000)
  from space 30720K, 2% used [0x00000000f2500000,0x00000000f259d0b0,0x00000000f4300000)
  to   space 39936K, 0% used [0x00000000efc00000,0x00000000efc00000,0x00000000f2300000)
 ParOldGen       total 186880K, used 114222K [0x0000000080000000, 0x000000008b680000, 0x00000000d5580000)
  object space 186880K, 61% used [0x0000000080000000,0x0000000086f8b980,0x000000008b680000)
 Metaspace       used 93596K, capacity 98598K, committed 98612K, reserved 1134592K
  class space    used 12657K, capacity 13684K, committed 13696K, reserved 1048576K
Event: 13.904 GC heap after
Heap after GC invocations=16 (full 4):
 PSYoungGen      total 463360K, used 0K [0x00000000d5580000, 0x00000000f4a00000, 0x0000000100000000)
  eden space 432640K, 0% used [0x00000000d5580000,0x00000000d5580000,0x00000000efc00000)
  from space 30720K, 0% used [0x00000000f2500000,0x00000000f2500000,0x00000000f4300000)
  to   space 39936K, 0% used [0x00000000efc00000,0x00000000efc00000,0x00000000f2300000)
 ParOldGen       total 268288K, used 83659K [0x0000000080000000, 0x0000000090600000, 0x00000000d5580000)
  object space 268288K, 31% used [0x0000000080000000,0x00000000851b2e60,0x0000000090600000)
 Metaspace       used 93330K, capacity 97818K, committed 98612K, reserved 1134592K
  class space    used 12570K, capacity 13530K, committed 13696K, reserved 1048576K
}

