# JRE version: OpenJDK Runtime Environment (8.0_242-b01) (build 1.8.0_242-release-1644-b01)
# Java VM: OpenJDK 64-Bit Server VM (25.242-b01 mixed mode windows-amd64 compressed oops)
Heap:
 PSYoungGen      total 238592K, used 17813K [0x00000000d5580000, 0x00000000e4e00000, 0x0000000100000000)
  eden space 224768K, 7% used [0x00000000d5580000,0x00000000d66e5798,0x00000000e3100000)
  from space 13824K, 0% used [0x00000000e4080000,0x00000000e4080000,0x00000000e4e00000)
  to   space 14848K, 0% used [0x00000000e3100000,0x00000000e3100000,0x00000000e3f80000)
 ParOldGen       total 89600K, used 14281K [0x0000000080000000, 0x0000000085780000, 0x00000000d5580000)
  object space 89600K, 15% used [0x0000000080000000,0x0000000080df2600,0x0000000085780000)
 Metaspace       used 34787K, capacity 36190K, committed 36312K, reserved 1081344K
  class space    used 4704K, capacity 5059K, committed 5120K, reserved 1048576K
GC Heap History (10 events):
Event: 1.480 GC heap before
{Heap before GC invocations=4 (full 0):
 PSYoungGen      total 76288K, used 14843K [0x00000000d5580000, 0x00000000dea80000, 0x0000000100000000)
  eden space 65536K, 6% used [0x00000000d5580000,0x00000000d5983ef0,0x00000000d9580000)
  from space 10752K, 99% used [0x00000000d9580000,0x00000000d9ffadd0,0x00000000da000000)
  to   space 10752K, 0% used [0x00000000de000000,0x00000000de000000,0x00000000dea80000)
 ParOldGen       total 175104K, used 1060K [0x0000000080000000, 0x000000008ab00000, 0x00000000d5580000)
  object space 175104K, 0% used [0x0000000080000000,0x0000000080109218,0x000000008ab00000)
 Metaspace       used 20463K, capacity 21178K, committed 21248K, reserved 1067008K
  class space    used 2855K, capacity 3043K, committed 3072K, reserved 1048576K
Event: 1.485 GC heap after
Heap after GC invocations=4 (full 0):
 PSYoungGen      total 141824K, used 7056K [0x00000000d5580000, 0x00000000dea80000, 0x0000000100000000)
  eden space 131072K, 0% used [0x00000000d5580000,0x00000000d5580000,0x00000000dd580000)
  from space 10752K, 65% used [0x00000000de000000,0x00000000de6e4040,0x00000000dea80000)
  to   space 10752K, 0% used [0x00000000dd580000,0x00000000dd580000,0x00000000de000000)
 ParOldGen       total 175104K, used 1068K [0x0000000080000000, 0x000000008ab00000, 0x00000000d5580000)
  object space 175104K, 0% used [0x0000000080000000,0x000000008010b218,0x000000008ab00000)
 Metaspace       used 20463K, capacity 21178K, committed 21248K, reserved 1067008K
  class space    used 2855K, capacity 3043K, committed 3072K, reserved 1048576K
}
Event: 1.485 GC heap before
{Heap before GC invocations=5 (full 1):
 PSYoungGen      total 141824K, used 7056K [0x00000000d5580000, 0x00000000dea80000, 0x0000000100000000)
  eden space 131072K, 0% used [0x00000000d5580000,0x00000000d5580000,0x00000000dd580000)
  from space 10752K, 65% used [0x00000000de000000,0x00000000de6e4040,0x00000000dea80000)
  to   space 10752K, 0% used [0x00000000dd580000,0x00000000dd580000,0x00000000de000000)
 ParOldGen       total 175104K, used 1068K [0x0000000080000000, 0x000000008ab00000, 0x00000000d5580000)
  object space 175104K, 0% used [0x0000000080000000,0x000000008010b218,0x000000008ab00000)
 Metaspace       used 20463K, capacity 21178K, committed 21248K, reserved 1067008K
  class space    used 2855K, capacity 3043K, committed 3072K, reserved 1048576K
Event: 1.509 GC heap after
Heap after GC invocations=5 (full 1):
 PSYoungGen      total 141824K, used 0K [0x00000000d5580000, 0x00000000dea80000, 0x0000000100000000)
  eden space 131072K, 0% used [0x00000000d5580000,0x00000000d5580000,0x00000000dd580000)
  from space 10752K, 0% used [0x00000000de000000,0x00000000de000000,0x00000000dea80000)
  to   space 10752K, 0% used [0x00000000dd580000,0x00000000dd580000,0x00000000de000000)
 ParOldGen       total 89600K, used 6903K [0x0000000080000000, 0x0000000085780000, 0x00000000d5580000)
  object space 89600K, 7% used [0x0000000080000000,0x00000000806bdec8,0x0000000085780000)
 Metaspace       used 20463K, capacity 21178K, committed 21248K, reserved 1067008K
  class space    used 2855K, capacity 3043K, committed 3072K, reserved 1048576K
}
Event: 2.263 GC heap before
{Heap before GC invocations=6 (full 1):
 PSYoungGen      total 141824K, used 131072K [0x00000000d5580000, 0x00000000dea80000, 0x0000000100000000)
  eden space 131072K, 100% used [0x00000000d5580000,0x00000000dd580000,0x00000000dd580000)
  from space 10752K, 0% used [0x00000000de000000,0x00000000de000000,0x00000000dea80000)
  to   space 10752K, 0% used [0x00000000dd580000,0x00000000dd580000,0x00000000de000000)
 ParOldGen       total 89600K, used 6903K [0x0000000080000000, 0x0000000085780000, 0x00000000d5580000)
  object space 89600K, 7% used [0x0000000080000000,0x00000000806bdec8,0x0000000085780000)
 Metaspace       used 32603K, capacity 33838K, committed 34176K, reserved 1079296K
  class space    used 4399K, capacity 4728K, committed 4736K, reserved 1048576K
Event: 2.271 GC heap after
Heap after GC invocations=6 (full 1):
 PSYoungGen      total 141824K, used 10740K [0x00000000d5580000, 0x00000000e4f80000, 0x0000000100000000)
  eden space 131072K, 0% used [0x00000000d5580000,0x00000000d5580000,0x00000000dd580000)
  from space 10752K, 99% used [0x00000000dd580000,0x00000000ddffd260,0x00000000de000000)
  to   space 15360K, 0% used [0x00000000e4080000,0x00000000e4080000,0x00000000e4f80000)
 ParOldGen       total 89600K, used 8919K [0x0000000080000000, 0x0000000085780000, 0x00000000d5580000)
  object space 89600K, 9% used [0x0000000080000000,0x00000000808b5d10,0x0000000085780000)
 Metaspace       used 32603K, capacity 33838K, committed 34176K, reserved 1079296K
  class space    used 4399K, capacity 4728K, committed 4736K, reserved 1048576K
}
Event: 2.434 GC heap before
{Heap before GC invocations=7 (full 1):
 PSYoungGen      total 141824K, used 46864K [0x00000000d5580000, 0x00000000e4f80000, 0x0000000100000000)
  eden space 131072K, 27% used [0x00000000d5580000,0x00000000d78c6fe8,0x00000000dd580000)
  from space 10752K, 99% used [0x00000000dd580000,0x00000000ddffd260,0x00000000de000000)
  to   space 15360K, 0% used [0x00000000e4080000,0x00000000e4080000,0x00000000e4f80000)
 ParOldGen       total 89600K, used 8919K [0x0000000080000000, 0x0000000085780000, 0x00000000d5580000)
  object space 89600K, 9% used [0x0000000080000000,0x00000000808b5d10,0x0000000085780000)
 Metaspace       used 33986K, capacity 35294K, committed 35416K, reserved 1079296K
  class space    used 4589K, capacity 4916K, committed 4992K, reserved 1048576K
Event: 2.439 GC heap after
Heap after GC invocations=7 (full 1):
 PSYoungGen      total 238592K, used 7745K [0x00000000d5580000, 0x00000000e4e00000, 0x0000000100000000)
  eden space 224768K, 0% used [0x00000000d5580000,0x00000000d5580000,0x00000000e3100000)
  from space 13824K, 56% used [0x00000000e4080000,0x00000000e4810738,0x00000000e4e00000)
  to   space 14848K, 0% used [0x00000000e3100000,0x00000000e3100000,0x00000000e3f80000)
 ParOldGen       total 89600K, used 8927K [0x0000000080000000, 0x0000000085780000, 0x00000000d5580000)
  object space 89600K, 9% used [0x0000000080000000,0x00000000808b7d10,0x0000000085780000)
 Metaspace       used 33986K, capacity 35294K, committed 35416K, reserved 1079296K
  class space    used 4589K, capacity 4916K, committed 4992K, reserved 1048576K
}
Event: 2.439 GC heap before
{Heap before GC invocations=8 (full 2):
 PSYoungGen      total 238592K, used 7745K [0x00000000d5580000, 0x00000000e4e00000, 0x0000000100000000)
  eden space 224768K, 0% used [0x00000000d5580000,0x00000000d5580000,0x00000000e3100000)
  from space 13824K, 56% used [0x00000000e4080000,0x00000000e4810738,0x00000000e4e00000)
  to   space 14848K, 0% used [0x00000000e3100000,0x00000000e3100000,0x00000000e3f80000)
 ParOldGen       total 89600K, used 8927K [0x0000000080000000, 0x0000000085780000, 0x00000000d5580000)
  object space 89600K, 9% used [0x0000000080000000,0x00000000808b7d10,0x0000000085780000)
 Metaspace       used 33986K, capacity 35294K, committed 35416K, reserved 1079296K
  class space    used 4589K, capacity 4916K, committed 4992K, reserved 1048576K
Event: 2.469 GC heap after
Heap after GC invocations=8 (full 2):
 PSYoungGen      total 238592K, used 0K [0x00000000d5580000, 0x00000000e4e00000, 0x0000000100000000)
  eden space 224768K, 0% used [0x00000000d5580000,0x00000000d5580000,0x00000000e3100000)
  from space 13824K, 0% used [0x00000000e4080000,0x00000000e4080000,0x00000000e4e00000)
  to   space 14848K, 0% used [0x00000000e3100000,0x00000000e3100000,0x00000000e3f80000)
 ParOldGen       total 89600K, used 14281K [0x0000000080000000, 0x0000000085780000, 0x00000000d5580000)
  object space 89600K, 15% used [0x0000000080000000,0x0000000080df2600,0x0000000085780000)
 Metaspace       used 33986K, capacity 35294K, committed 35416K, reserved 1079296K
  class space    used 4589K, capacity 4916K, committed 4992K, reserved 1048576K
}

