# JRE version: OpenJDK Runtime Environment (8.0_242-b01) (build 1.8.0_242-release-1644-b01)
# Java VM: OpenJDK 64-Bit Server VM (25.242-b01 mixed mode windows-amd64 compressed oops)
Heap:
 PSYoungGen      total 377344K, used 114199K [0x00000000d5580000, 0x00000000ee300000, 0x0000000100000000)
  eden space 358912K, 31% used [0x00000000d5580000,0x00000000dc505f50,0x00000000eb400000)
  from space 18432K, 0% used [0x00000000ecc80000,0x00000000ecc80000,0x00000000ede80000)
  to   space 24064K, 0% used [0x00000000eb400000,0x00000000eb400000,0x00000000ecb80000)
 ParOldGen       total 122880K, used 36211K [0x0000000080000000, 0x0000000087800000, 0x00000000d5580000)
  object space 122880K, 29% used [0x0000000080000000,0x000000008235cec0,0x0000000087800000)
 Metaspace       used 63783K, capacity 66424K, committed 66520K, reserved 1105920K
  class space    used 8617K, capacity 9153K, committed 9216K, reserved 1048576K
GC Heap History (10 events):
Event: 2.429 GC heap before
{Heap before GC invocations=7 (full 1):
 PSYoungGen      total 141824K, used 32631K [0x00000000d5580000, 0x00000000e5280000, 0x0000000100000000)
  eden space 131072K, 16% used [0x00000000d5580000,0x00000000d6ae27d0,0x00000000dd580000)
  from space 10752K, 99% used [0x00000000dd580000,0x00000000ddffb768,0x00000000de000000)
  to   space 14848K, 0% used [0x00000000e4400000,0x00000000e4400000,0x00000000e5280000)
 ParOldGen       total 87552K, used 8699K [0x0000000080000000, 0x0000000085580000, 0x00000000d5580000)
  object space 87552K, 9% used [0x0000000080000000,0x000000008087ee18,0x0000000085580000)
 Metaspace       used 34080K, capacity 35282K, committed 35416K, reserved 1079296K
  class space    used 4599K, capacity 4920K, committed 4992K, reserved 1048576K
Event: 2.433 GC heap after
Heap after GC invocations=7 (full 1):
 PSYoungGen      total 240128K, used 7504K [0x00000000d5580000, 0x00000000e5000000, 0x0000000100000000)
  eden space 227840K, 0% used [0x00000000d5580000,0x00000000d5580000,0x00000000e3400000)
  from space 12288K, 61% used [0x00000000e4400000,0x00000000e4b540c0,0x00000000e5000000)
  to   space 14336K, 0% used [0x00000000e3400000,0x00000000e3400000,0x00000000e4200000)
 ParOldGen       total 87552K, used 8707K [0x0000000080000000, 0x0000000085580000, 0x00000000d5580000)
  object space 87552K, 9% used [0x0000000080000000,0x0000000080880e18,0x0000000085580000)
 Metaspace       used 34080K, capacity 35282K, committed 35416K, reserved 1079296K
  class space    used 4599K, capacity 4920K, committed 4992K, reserved 1048576K
}
Event: 2.433 GC heap before
{Heap before GC invocations=8 (full 2):
 PSYoungGen      total 240128K, used 7504K [0x00000000d5580000, 0x00000000e5000000, 0x0000000100000000)
  eden space 227840K, 0% used [0x00000000d5580000,0x00000000d5580000,0x00000000e3400000)
  from space 12288K, 61% used [0x00000000e4400000,0x00000000e4b540c0,0x00000000e5000000)
  to   space 14336K, 0% used [0x00000000e3400000,0x00000000e3400000,0x00000000e4200000)
 ParOldGen       total 87552K, used 8707K [0x0000000080000000, 0x0000000085580000, 0x00000000d5580000)
  object space 87552K, 9% used [0x0000000080000000,0x0000000080880e18,0x0000000085580000)
 Metaspace       used 34080K, capacity 35282K, committed 35416K, reserved 1079296K
  class space    used 4599K, capacity 4920K, committed 4992K, reserved 1048576K
Event: 2.457 GC heap after
Heap after GC invocations=8 (full 2):
 PSYoungGen      total 240128K, used 0K [0x00000000d5580000, 0x00000000e5000000, 0x0000000100000000)
  eden space 227840K, 0% used [0x00000000d5580000,0x00000000d5580000,0x00000000e3400000)
  from space 12288K, 0% used [0x00000000e4400000,0x00000000e4400000,0x00000000e5000000)
  to   space 14336K, 0% used [0x00000000e3400000,0x00000000e3400000,0x00000000e4200000)
 ParOldGen       total 122880K, used 13891K [0x0000000080000000, 0x0000000087800000, 0x00000000d5580000)
  object space 122880K, 11% used [0x0000000080000000,0x0000000080d90c88,0x0000000087800000)
 Metaspace       used 34080K, capacity 35282K, committed 35416K, reserved 1079296K
  class space    used 4599K, capacity 4920K, committed 4992K, reserved 1048576K
}
Event: 3.563 GC heap before
{Heap before GC invocations=9 (full 2):
 PSYoungGen      total 240128K, used 227840K [0x00000000d5580000, 0x00000000e5000000, 0x0000000100000000)
  eden space 227840K, 100% used [0x00000000d5580000,0x00000000e3400000,0x00000000e3400000)
  from space 12288K, 0% used [0x00000000e4400000,0x00000000e4400000,0x00000000e5000000)
  to   space 14336K, 0% used [0x00000000e3400000,0x00000000e3400000,0x00000000e4200000)
 ParOldGen       total 122880K, used 13891K [0x0000000080000000, 0x0000000087800000, 0x00000000d5580000)
  object space 122880K, 11% used [0x0000000080000000,0x0000000080d90c88,0x0000000087800000)
 Metaspace       used 45586K, capacity 47688K, committed 47832K, reserved 1091584K
  class space    used 6134K, capacity 6548K, committed 6656K, reserved 1048576K
Event: 3.574 GC heap after
Heap after GC invocations=9 (full 2):
 PSYoungGen      total 242176K, used 14315K [0x00000000d5580000, 0x00000000ede80000, 0x0000000100000000)
  eden space 227840K, 0% used [0x00000000d5580000,0x00000000d5580000,0x00000000e3400000)
  from space 14336K, 99% used [0x00000000e3400000,0x00000000e41fac10,0x00000000e4200000)
  to   space 18432K, 0% used [0x00000000ecc80000,0x00000000ecc80000,0x00000000ede80000)
 ParOldGen       total 122880K, used 18142K [0x0000000080000000, 0x0000000087800000, 0x00000000d5580000)
  object space 122880K, 14% used [0x0000000080000000,0x00000000811b7b78,0x0000000087800000)
 Metaspace       used 45586K, capacity 47688K, committed 47832K, reserved 1091584K
  class space    used 6134K, capacity 6548K, committed 6656K, reserved 1048576K
}
Event: 4.309 GC heap before
{Heap before GC invocations=10 (full 2):
 PSYoungGen      total 242176K, used 140341K [0x00000000d5580000, 0x00000000ede80000, 0x0000000100000000)
  eden space 227840K, 55% used [0x00000000d5580000,0x00000000dd092a28,0x00000000e3400000)
  from space 14336K, 99% used [0x00000000e3400000,0x00000000e41fac10,0x00000000e4200000)
  to   space 18432K, 0% used [0x00000000ecc80000,0x00000000ecc80000,0x00000000ede80000)
 ParOldGen       total 122880K, used 18142K [0x0000000080000000, 0x0000000087800000, 0x00000000d5580000)
  object space 122880K, 14% used [0x0000000080000000,0x00000000811b7b78,0x0000000087800000)
 Metaspace       used 56412K, capacity 58808K, committed 58968K, reserved 1099776K
  class space    used 7450K, capacity 7952K, committed 8064K, reserved 1048576K
Event: 4.321 GC heap after
Heap after GC invocations=10 (full 2):
 PSYoungGen      total 377344K, used 18404K [0x00000000d5580000, 0x00000000ee300000, 0x0000000100000000)
  eden space 358912K, 0% used [0x00000000d5580000,0x00000000d5580000,0x00000000eb400000)
  from space 18432K, 99% used [0x00000000ecc80000,0x00000000ede79268,0x00000000ede80000)
  to   space 24064K, 0% used [0x00000000eb400000,0x00000000eb400000,0x00000000ecb80000)
 ParOldGen       total 122880K, used 24449K [0x0000000080000000, 0x0000000087800000, 0x00000000d5580000)
  object space 122880K, 19% used [0x0000000080000000,0x00000000817e0418,0x0000000087800000)
 Metaspace       used 56412K, capacity 58808K, committed 58968K, reserved 1099776K
  class space    used 7450K, capacity 7952K, committed 8064K, reserved 1048576K
}
Event: 4.321 GC heap before
{Heap before GC invocations=11 (full 3):
 PSYoungGen      total 377344K, used 18404K [0x00000000d5580000, 0x00000000ee300000, 0x0000000100000000)
  eden space 358912K, 0% used [0x00000000d5580000,0x00000000d5580000,0x00000000eb400000)
  from space 18432K, 99% used [0x00000000ecc80000,0x00000000ede79268,0x00000000ede80000)
  to   space 24064K, 0% used [0x00000000eb400000,0x00000000eb400000,0x00000000ecb80000)
 ParOldGen       total 122880K, used 24449K [0x0000000080000000, 0x0000000087800000, 0x00000000d5580000)
  object space 122880K, 19% used [0x0000000080000000,0x00000000817e0418,0x0000000087800000)
 Metaspace       used 56412K, capacity 58808K, committed 58968K, reserved 1099776K
  class space    used 7450K, capacity 7952K, committed 8064K, reserved 1048576K
Event: 4.445 GC heap after
Heap after GC invocations=11 (full 3):
 PSYoungGen      total 377344K, used 0K [0x00000000d5580000, 0x00000000ee300000, 0x0000000100000000)
  eden space 358912K, 0% used [0x00000000d5580000,0x00000000d5580000,0x00000000eb400000)
  from space 18432K, 0% used [0x00000000ecc80000,0x00000000ecc80000,0x00000000ede80000)
  to   space 24064K, 0% used [0x00000000eb400000,0x00000000eb400000,0x00000000ecb80000)
 ParOldGen       total 122880K, used 36211K [0x0000000080000000, 0x0000000087800000, 0x00000000d5580000)
  object space 122880K, 29% used [0x0000000080000000,0x000000008235cec0,0x0000000087800000)
 Metaspace       used 56338K, capacity 58608K, committed 58968K, reserved 1099776K
  class space    used 7430K, capacity 7924K, committed 8064K, reserved 1048576K
}

