# JRE version: OpenJDK Runtime Environment (8.0_242-b01) (build 1.8.0_242-release-1644-b01)
# Java VM: OpenJDK 64-Bit Server VM (25.242-b01 mixed mode windows-amd64 compressed oops)
Heap:
 PSYoungGen      total 345088K, used 189032K [0x00000000d5580000, 0x00000000f0200000, 0x0000000100000000)
  eden space 310784K, 55% used [0x00000000d5580000,0x00000000dfe9cd30,0x00000000e8500000)
  from space 34304K, 46% used [0x00000000e8500000,0x00000000e947d370,0x00000000ea680000)
  to   space 48128K, 0% used [0x00000000ed300000,0x00000000ed300000,0x00000000f0200000)
 ParOldGen       total 125440K, used 103953K [0x0000000080000000, 0x0000000087a80000, 0x00000000d5580000)
  object space 125440K, 82% used [0x0000000080000000,0x0000000086584418,0x0000000087a80000)
 Metaspace       used 117875K, capacity 124102K, committed 124248K, reserved 1157120K
  class space    used 15383K, capacity 16708K, committed 16768K, reserved 1048576K
GC Heap History (10 events):
Event: 197.927 GC heap before
{Heap before GC invocations=19 (full 4):
 PSYoungGen      total 284160K, used 253440K [0x00000000d5580000, 0x00000000ead00000, 0x0000000100000000)
  eden space 253440K, 100% used [0x00000000d5580000,0x00000000e4d00000,0x00000000e4d00000)
  from space 30720K, 0% used [0x00000000e8f00000,0x00000000e8f00000,0x00000000ead00000)
  to   space 30720K, 0% used [0x00000000e4d00000,0x00000000e4d00000,0x00000000e6b00000)
 ParOldGen       total 125440K, used 60898K [0x0000000080000000, 0x0000000087a80000, 0x00000000d5580000)
  object space 125440K, 48% used [0x0000000080000000,0x0000000083b78b78,0x0000000087a80000)
 Metaspace       used 100532K, capacity 105572K, committed 105688K, reserved 1140736K
  class space    used 13173K, capacity 14241K, committed 14336K, reserved 1048576K
Event: 197.937 GC heap after
Heap after GC invocations=19 (full 4):
 PSYoungGen      total 284160K, used 17999K [0x00000000d5580000, 0x00000000ec800000, 0x0000000100000000)
  eden space 253440K, 0% used [0x00000000d5580000,0x00000000d5580000,0x00000000e4d00000)
  from space 30720K, 58% used [0x00000000e4d00000,0x00000000e5e93ce0,0x00000000e6b00000)
  to   space 29184K, 0% used [0x00000000eab80000,0x00000000eab80000,0x00000000ec800000)
 ParOldGen       total 125440K, used 60906K [0x0000000080000000, 0x0000000087a80000, 0x00000000d5580000)
  object space 125440K, 48% used [0x0000000080000000,0x0000000083b7ab78,0x0000000087a80000)
 Metaspace       used 100532K, capacity 105572K, committed 105688K, reserved 1140736K
  class space    used 13173K, capacity 14241K, committed 14336K, reserved 1048576K
}
Event: 254.473 GC heap before
{Heap before GC invocations=20 (full 4):
 PSYoungGen      total 284160K, used 271439K [0x00000000d5580000, 0x00000000ec800000, 0x0000000100000000)
  eden space 253440K, 100% used [0x00000000d5580000,0x00000000e4d00000,0x00000000e4d00000)
  from space 30720K, 58% used [0x00000000e4d00000,0x00000000e5e93ce0,0x00000000e6b00000)
  to   space 29184K, 0% used [0x00000000eab80000,0x00000000eab80000,0x00000000ec800000)
 ParOldGen       total 125440K, used 60906K [0x0000000080000000, 0x0000000087a80000, 0x00000000d5580000)
  object space 125440K, 48% used [0x0000000080000000,0x0000000083b7ab78,0x0000000087a80000)
 Metaspace       used 107849K, capacity 113338K, committed 113624K, reserved 1146880K
  class space    used 14125K, capacity 15292K, committed 15360K, reserved 1048576K
Event: 254.489 GC heap after
Heap after GC invocations=20 (full 4):
 PSYoungGen      total 339968K, used 29177K [0x00000000d5580000, 0x00000000ec800000, 0x0000000100000000)
  eden space 310784K, 0% used [0x00000000d5580000,0x00000000d5580000,0x00000000e8500000)
  from space 29184K, 99% used [0x00000000eab80000,0x00000000ec7fe700,0x00000000ec800000)
  to   space 34304K, 0% used [0x00000000e8500000,0x00000000e8500000,0x00000000ea680000)
 ParOldGen       total 125440K, used 64156K [0x0000000080000000, 0x0000000087a80000, 0x00000000d5580000)
  object space 125440K, 51% used [0x0000000080000000,0x0000000083ea7020,0x0000000087a80000)
 Metaspace       used 107849K, capacity 113338K, committed 113624K, reserved 1146880K
  class space    used 14125K, capacity 15292K, committed 15360K, reserved 1048576K
}
Event: 606.501 GC heap before
{Heap before GC invocations=21 (full 4):
 PSYoungGen      total 339968K, used 339961K [0x00000000d5580000, 0x00000000ec800000, 0x0000000100000000)
  eden space 310784K, 100% used [0x00000000d5580000,0x00000000e8500000,0x00000000e8500000)
  from space 29184K, 99% used [0x00000000eab80000,0x00000000ec7fe700,0x00000000ec800000)
  to   space 34304K, 0% used [0x00000000e8500000,0x00000000e8500000,0x00000000ea680000)
 ParOldGen       total 125440K, used 64156K [0x0000000080000000, 0x0000000087a80000, 0x00000000d5580000)
  object space 125440K, 51% used [0x0000000080000000,0x0000000083ea7020,0x0000000087a80000)
 Metaspace       used 115497K, capacity 121688K, committed 121944K, reserved 1155072K
  class space    used 15122K, capacity 16445K, committed 16512K, reserved 1048576K
Event: 606.521 GC heap after
Heap after GC invocations=21 (full 4):
 PSYoungGen      total 345088K, used 34286K [0x00000000d5580000, 0x00000000ec800000, 0x0000000100000000)
  eden space 310784K, 0% used [0x00000000d5580000,0x00000000d5580000,0x00000000e8500000)
  from space 34304K, 99% used [0x00000000e8500000,0x00000000ea67bbe8,0x00000000ea680000)
  to   space 29184K, 0% used [0x00000000eab80000,0x00000000eab80000,0x00000000ec800000)
 ParOldGen       total 125440K, used 72263K [0x0000000080000000, 0x0000000087a80000, 0x00000000d5580000)
  object space 125440K, 57% used [0x0000000080000000,0x0000000084691e98,0x0000000087a80000)
 Metaspace       used 115497K, capacity 121688K, committed 121944K, reserved 1155072K
  class space    used 15122K, capacity 16445K, committed 16512K, reserved 1048576K
}
Event: 609.714 GC heap before
{Heap before GC invocations=22 (full 4):
 PSYoungGen      total 345088K, used 345070K [0x00000000d5580000, 0x00000000ec800000, 0x0000000100000000)
  eden space 310784K, 100% used [0x00000000d5580000,0x00000000e8500000,0x00000000e8500000)
  from space 34304K, 99% used [0x00000000e8500000,0x00000000ea67bbe8,0x00000000ea680000)
  to   space 29184K, 0% used [0x00000000eab80000,0x00000000eab80000,0x00000000ec800000)
 ParOldGen       total 125440K, used 72263K [0x0000000080000000, 0x0000000087a80000, 0x00000000d5580000)
  object space 125440K, 57% used [0x0000000080000000,0x0000000084691e98,0x0000000087a80000)
 Metaspace       used 115932K, capacity 122136K, committed 122200K, reserved 1155072K
  class space    used 15157K, capacity 16481K, committed 16512K, reserved 1048576K
Event: 609.733 GC heap after
Heap after GC invocations=22 (full 4):
 PSYoungGen      total 339968K, used 29154K [0x00000000d5580000, 0x00000000ec800000, 0x0000000100000000)
  eden space 310784K, 0% used [0x00000000d5580000,0x00000000d5580000,0x00000000e8500000)
  from space 29184K, 99% used [0x00000000eab80000,0x00000000ec7f8b68,0x00000000ec800000)
  to   space 34304K, 0% used [0x00000000e8500000,0x00000000e8500000,0x00000000ea680000)
 ParOldGen       total 125440K, used 90036K [0x0000000080000000, 0x0000000087a80000, 0x00000000d5580000)
  object space 125440K, 71% used [0x0000000080000000,0x00000000857ed330,0x0000000087a80000)
 Metaspace       used 115932K, capacity 122136K, committed 122200K, reserved 1155072K
  class space    used 15157K, capacity 16481K, committed 16512K, reserved 1048576K
}
Event: 612.539 GC heap before
{Heap before GC invocations=23 (full 4):
 PSYoungGen      total 339968K, used 339938K [0x00000000d5580000, 0x00000000ec800000, 0x0000000100000000)
  eden space 310784K, 100% used [0x00000000d5580000,0x00000000e8500000,0x00000000e8500000)
  from space 29184K, 99% used [0x00000000eab80000,0x00000000ec7f8b68,0x00000000ec800000)
  to   space 34304K, 0% used [0x00000000e8500000,0x00000000e8500000,0x00000000ea680000)
 ParOldGen       total 125440K, used 90036K [0x0000000080000000, 0x0000000087a80000, 0x00000000d5580000)
  object space 125440K, 71% used [0x0000000080000000,0x00000000857ed330,0x0000000087a80000)
 Metaspace       used 115936K, capacity 122136K, committed 122200K, reserved 1155072K
  class space    used 15157K, capacity 16481K, committed 16512K, reserved 1048576K
Event: 612.552 GC heap after
Heap after GC invocations=23 (full 4):
 PSYoungGen      total 345088K, used 15860K [0x00000000d5580000, 0x00000000f0200000, 0x0000000100000000)
  eden space 310784K, 0% used [0x00000000d5580000,0x00000000d5580000,0x00000000e8500000)
  from space 34304K, 46% used [0x00000000e8500000,0x00000000e947d370,0x00000000ea680000)
  to   space 48128K, 0% used [0x00000000ed300000,0x00000000ed300000,0x00000000f0200000)
 ParOldGen       total 125440K, used 103953K [0x0000000080000000, 0x0000000087a80000, 0x00000000d5580000)
  object space 125440K, 82% used [0x0000000080000000,0x0000000086584418,0x0000000087a80000)
 Metaspace       used 115936K, capacity 122136K, committed 122200K, reserved 1155072K
  class space    used 15157K, capacity 16481K, committed 16512K, reserved 1048576K
}

